<?xml version="1.0" encoding="UTF-8"?>
<testsuite xmlns:xsi="http://www.w3.org/2001/XMLSchema-instance" xsi:noNamespaceSchemaLocation="https://maven.apache.org/surefire/maven-surefire-plugin/xsd/surefire-test-report.xsd" version="3.0.2" name="com.merchant.wallet.transaction.TransactionServiceApplicationTest" time="4.643" tests="1" errors="0" skipped="0" failures="0">
  <properties>
[...]
</properties>
  <testcase name="contextLoads" classname="com.merchant.wallet.transaction.TransactionServiceApplicationTest" time="0.012">
    <system-out><![CDATA[2025-11-09T21:16:53.597+02:00  INFO 14712 --- [transaction-service] [           main] t.c.s.AnnotationConfigContextLoaderUtils : Could not detect default configuration classes for test class [com.merchant.wallet.transaction.TransactionServiceApplicationTest]: TransactionServiceApplicationTest does not declare any static, non-private, non-final, nested classes annotated with @Configuration.
2025-11-09T21:16:53.635+02:00  INFO 14712 --- [transaction-service] [           main] .b.t.c.SpringBootTestContextBootstrapper : Found @SpringBootConfiguration com.merchant.wallet.transaction.TransactionServiceApplication for test class com.merchant.wallet.transaction.TransactionServiceApplicationTest

  .   ____          _            __ _ _
 /\\ / ___'_ __ _ _(_)_ __  __ _ \ \ \ \
( ( )\___ | '_ | '_| | '_ \/ _` | \ \ \ \
 \\/  ___)| |_)| | | | | || (_| |  ) ) ) )
  '  |____| .__|_| |_|_| |_\__, | / / / /
 =========|_|==============|___/=/_/_/_/

 :: Spring Boot ::                (v3.4.2)

2025-11-09T21:16:53.804+02:00  INFO 14712 --- [transaction-service] [           main] .m.w.t.TransactionServiceApplicationTest : Starting TransactionServiceApplicationTest using Java 17.0.12 with PID 14712 (started by odwad in D:\Documents\projects\wallet-microservices\transaction-service)
2025-11-09T21:16:53.805+02:00  INFO 14712 --- [transaction-service] [           main] .m.w.t.TransactionServiceApplicationTest : No active profile set, falling back to 1 default profile: "default"
2025-11-09T21:16:54.645+02:00  INFO 14712 --- [transaction-service] [           main] .s.d.r.c.RepositoryConfigurationDelegate : Bootstrapping Spring Data R2DBC repositories in DEFAULT mode.
2025-11-09T21:16:54.799+02:00  INFO 14712 --- [transaction-service] [           main] .s.d.r.c.RepositoryConfigurationDelegate : Finished Spring Data repository scanning in 135 ms. Found 1 R2DBC repository interface.
2025-11-09T21:16:58.033+02:00  WARN 14712 --- [transaction-service] [actor-tcp-nio-1] i.r.p.client.ReactorNettyClient          : Notice: SEVERITY_LOCALIZED=NOTICE, SEVERITY_NON_LOCALIZED=NOTICE, CODE=42P07, MESSAGE=relation "transactions" already exists, skipping, FILE=parse_utilcmd.c, LINE=210, ROUTINE=transformCreateStmt
2025-11-09T21:16:58.212+02:00  INFO 14712 --- [transaction-service] [           main] .m.w.t.TransactionServiceApplicationTest : Started TransactionServiceApplicationTest in 4.555 seconds (process running for 15.484)
]]></system-out>
  </testcase>
</testsuite>