<?xml version="1.0" encoding="UTF-8"?>
<testsuite xmlns:xsi="http://www.w3.org/2001/XMLSchema-instance" xsi:noNamespaceSchemaLocation="https://maven.apache.org/surefire/maven-surefire-plugin/xsd/surefire-test-report.xsd" version="3.0.2" name="com.merchant.wallet.gateway.ApiGatewayApplicationTest" time="24.049" tests="1" errors="0" skipped="0" failures="0">
  <properties>
[...]
</properties>
  <testcase name="contextLoads" classname="com.merchant.wallet.gateway.ApiGatewayApplicationTest" time="7.416">
    <system-out><![CDATA[08:20:20.620 [main] INFO org.springframework.test.context.support.AnnotationConfigContextLoaderUtils -- Could not detect default configuration classes for test class [com.merchant.wallet.gateway.ApiGatewayApplicationTest]: ApiGatewayApplicationTest does not declare any static, non-private, non-final, nested classes annotated with @Configuration.
08:20:21.007 [main] INFO org.springframework.boot.test.context.SpringBootTestContextBootstrapper -- Found @SpringBootConfiguration com.merchant.wallet.gateway.ApiGatewayApplication for test class com.merchant.wallet.gateway.ApiGatewayApplicationTest

  .   ____          _            __ _ _
 /\\ / ___'_ __ _ _(_)_ __  __ _ \ \ \ \
( ( )\___ | '_ | '_| | '_ \/ _` | \ \ \ \
 \\/  ___)| |_)| | | | | || (_| |  ) ) ) )
  '  |____| .__|_| |_|_| |_\__, | / / / /
 =========|_|==============|___/=/_/_/_/

 :: Spring Boot ::                (v3.4.2)

2025-11-10T08:20:23.622+02:00  INFO 17872 --- [api-gateway] [           main] c.m.w.gateway.ApiGatewayApplicationTest  : Starting ApiGatewayApplicationTest using Java 17.0.12 with PID 17872 (started by odwad in D:\Documents\projects\wallet-microservices\api-gateway)
2025-11-10T08:20:23.632+02:00  INFO 17872 --- [api-gateway] [           main] c.m.w.gateway.ApiGatewayApplicationTest  : No active profile set, falling back to 1 default profile: "default"
2025-11-10T08:20:26.311+02:00  INFO 17872 --- [api-gateway] [           main] o.s.cloud.context.scope.GenericScope     : BeanFactory id=feea3e15-adcc-3f05-94d4-c65eaa92bd13
2025-11-10T08:20:33.891+02:00  INFO 17872 --- [api-gateway] [           main] o.s.c.g.r.RouteDefinitionRouteLocator    : Loaded RoutePredicateFactory [After]
2025-11-10T08:20:33.893+02:00  INFO 17872 --- [api-gateway] [           main] o.s.c.g.r.RouteDefinitionRouteLocator    : Loaded RoutePredicateFactory [Before]
2025-11-10T08:20:33.894+02:00  INFO 17872 --- [api-gateway] [           main] o.s.c.g.r.RouteDefinitionRouteLocator    : Loaded RoutePredicateFactory [Between]
2025-11-10T08:20:33.895+02:00  INFO 17872 --- [api-gateway] [           main] o.s.c.g.r.RouteDefinitionRouteLocator    : Loaded RoutePredicateFactory [Cookie]
2025-11-10T08:20:33.895+02:00  INFO 17872 --- [api-gateway] [           main] o.s.c.g.r.RouteDefinitionRouteLocator    : Loaded RoutePredicateFactory [Header]
2025-11-10T08:20:33.895+02:00  INFO 17872 --- [api-gateway] [           main] o.s.c.g.r.RouteDefinitionRouteLocator    : Loaded RoutePredicateFactory [Host]
2025-11-10T08:20:33.896+02:00  INFO 17872 --- [api-gateway] [           main] o.s.c.g.r.RouteDefinitionRouteLocator    : Loaded RoutePredicateFactory [Method]
2025-11-10T08:20:33.897+02:00  INFO 17872 --- [api-gateway] [           main] o.s.c.g.r.RouteDefinitionRouteLocator    : Loaded RoutePredicateFactory [Path]
2025-11-10T08:20:33.897+02:00  INFO 17872 --- [api-gateway] [           main] o.s.c.g.r.RouteDefinitionRouteLocator    : Loaded RoutePredicateFactory [Query]
2025-11-10T08:20:33.898+02:00  INFO 17872 --- [api-gateway] [           main] o.s.c.g.r.RouteDefinitionRouteLocator    : Loaded RoutePredicateFactory [ReadBody]
2025-11-10T08:20:33.898+02:00  INFO 17872 --- [api-gateway] [           main] o.s.c.g.r.RouteDefinitionRouteLocator    : Loaded RoutePredicateFactory [RemoteAddr]
2025-11-10T08:20:33.899+02:00  INFO 17872 --- [api-gateway] [           main] o.s.c.g.r.RouteDefinitionRouteLocator    : Loaded RoutePredicateFactory [XForwardedRemoteAddr]
2025-11-10T08:20:33.899+02:00  INFO 17872 --- [api-gateway] [           main] o.s.c.g.r.RouteDefinitionRouteLocator    : Loaded RoutePredicateFactory [Weight]
2025-11-10T08:20:33.900+02:00  INFO 17872 --- [api-gateway] [           main] o.s.c.g.r.RouteDefinitionRouteLocator    : Loaded RoutePredicateFactory [CloudFoundryRouteService]
2025-11-10T08:20:36.681+02:00  INFO 17872 --- [api-gateway] [           main] c.m.w.gateway.ApiGatewayApplicationTest  : Started ApiGatewayApplicationTest in 14.616 seconds (process running for 18.383)
]]></system-out>
  </testcase>
</testsuite>