<?xml version="1.0" encoding="UTF-8"?>
<testsuite xmlns:xsi="http://www.w3.org/2001/XMLSchema-instance" xsi:noNamespaceSchemaLocation="https://maven.apache.org/surefire/maven-surefire-plugin/xsd/surefire-test-report.xsd" version="3.0.2" name="com.merchant.wallet.wallet.service.BalanceCalculatorTest" time="0.009" tests="3" errors="0" skipped="0" failures="0">
  <properties>
[...]
</properties>
  <testcase name="shouldAddCreditToBalance" classname="com.merchant.wallet.wallet.service.BalanceCalculatorTest" time="0.002"/>
  <testcase name="shouldSubtractDebitFromBalance" classname="com.merchant.wallet.wallet.service.BalanceCalculatorTest" time="0.002"/>
  <testcase name="shouldCalculateBalanceWithNoTransactions" classname="com.merchant.wallet.wallet.service.BalanceCalculatorTest" time="0.001"/>
</testsuite>