<?xml version="1.0" encoding="UTF-8"?>
<testsuite xmlns:xsi="http://www.w3.org/2001/XMLSchema-instance" xsi:noNamespaceSchemaLocation="https://maven.apache.org/surefire/maven-surefire-plugin/xsd/surefire-test-report.xsd" version="3.0.2" name="com.merchant.wallet.wallet.WalletServiceApplicationTest" time="1.749" tests="1" errors="0" skipped="0" failures="0">
  <properties>
[...]
</properties>
  <testcase name="contextLoads" classname="com.merchant.wallet.wallet.WalletServiceApplicationTest" time="0.006">
    <system-out><![CDATA[2025-11-09 21:16:28 [main] INFO  o.s.t.c.s.AnnotationConfigContextLoaderUtils - Could not detect default configuration classes for test class [com.merchant.wallet.wallet.WalletServiceApplicationTest]: WalletServiceApplicationTest does not declare any static, non-private, non-final, nested classes annotated with @Configuration.
2025-11-09 21:16:28 [main] INFO  o.s.b.t.c.SpringBootTestContextBootstrapper - Found @SpringBootConfiguration com.merchant.wallet.wallet.WalletServiceApplication for test class com.merchant.wallet.wallet.WalletServiceApplicationTest

  .   ____          _            __ _ _
 /\\ / ___'_ __ _ _(_)_ __  __ _ \ \ \ \
( ( )\___ | '_ | '_| | '_ \/ _` | \ \ \ \
 \\/  ___)| |_)| | | | | || (_| |  ) ) ) )
  '  |____| .__|_| |_|_| |_\__, | / / / /
 =========|_|==============|___/=/_/_/_/

 :: Spring Boot ::                (v3.4.2)

2025-11-09 21:16:28 [main] INFO  c.m.w.w.WalletServiceApplicationTest - Starting WalletServiceApplicationTest using Java 17.0.12 with PID 24708 (started by odwad in D:\Documents\projects\wallet-microservices\wallet-service)
2025-11-09 21:16:28 [main] INFO  c.m.w.w.WalletServiceApplicationTest - No active profile set, falling back to 1 default profile: "default"
2025-11-09 21:16:29 [main] INFO  o.s.d.r.c.RepositoryConfigurationDelegate - Bootstrapping Spring Data R2DBC repositories in DEFAULT mode.
2025-11-09 21:16:29 [main] INFO  o.s.d.r.c.RepositoryConfigurationDelegate - Finished Spring Data repository scanning in 21 ms. Found 1 R2DBC repository interface.
2025-11-09 21:16:29 [main] INFO  o.s.v.b.OptionalValidatorFactoryBean - Failed to set up a Bean Validation provider: jakarta.validation.NoProviderFoundException: Unable to create a Configuration, because no Jakarta Bean Validation provider could be found. Add a provider like Hibernate Validator (RI) to your classpath.
2025-11-09 21:16:29 [main] DEBUG o.s.w.r.r.m.a.RequestMappingHandlerMapping - 15 mappings in 'requestMappingHandlerMapping'
2025-11-09 21:16:29 [main] DEBUG o.s.w.r.h.SimpleUrlHandlerMapping - Patterns [/webjars/**, /**] in 'resourceHandlerMapping'
2025-11-09 21:16:29 [main] DEBUG o.s.w.r.r.m.a.ControllerMethodResolver - ControllerAdvice beans: 0 @ModelAttribute, 0 @InitBinder, 1 @ExceptionHandler
2025-11-09 21:16:29 [main] DEBUG o.s.w.s.a.HttpWebHandlerAdapter - enableLoggingRequestDetails='false': form data and headers will be masked to prevent unsafe logging of potentially sensitive data
2025-11-09 21:16:30 [reactor-tcp-nio-1] DEBUG o.s.r.connection.init.ScriptUtils - Executing SQL script from class path resource [schema.sql]
2025-11-09 21:16:30 [reactor-tcp-nio-1] WARN  i.r.p.client.ReactorNettyClient - Notice: SEVERITY_LOCALIZED=NOTICE, SEVERITY_NON_LOCALIZED=NOTICE, CODE=42P07, MESSAGE=relation "wallets" already exists, skipping, FILE=parse_utilcmd.c, LINE=210, ROUTINE=transformCreateStmt
2025-11-09 21:16:30 [reactor-tcp-nio-1] DEBUG o.s.r.connection.init.ScriptUtils - 0 returned as update count for SQL: CREATE TABLE IF NOT EXISTS wallets ( wallet_id SERIAL PRIMARY KEY, user_id BIGINT NOT NULL, merchant_id BIGINT, balance DECIMAL(15,2) DEFAULT 0.00, currency VARCHAR(3) DEFAULT 'ZAR', wallet_alias VARCHAR(255) UNIQUE, active BOOLEAN DEFAULT true, created_at TIMESTAMP DEFAULT CURRENT_TIMESTAMP, updated_at TIMESTAMP DEFAULT CURRENT_TIMESTAMP )
2025-11-09 21:16:30 [reactor-tcp-nio-1] DEBUG o.s.r.connection.init.ScriptUtils - Executed SQL script from class path resource [schema.sql] in 29 ms.
2025-11-09 21:16:30 [main] INFO  c.m.w.w.WalletServiceApplicationTest - Started WalletServiceApplicationTest in 1.715 seconds (process running for 21.063)
]]></system-out>
  </testcase>
</testsuite>