<?xml version="1.0" encoding="UTF-8"?>
<testsuite xmlns:xsi="http://www.w3.org/2001/XMLSchema-instance" xsi:noNamespaceSchemaLocation="https://maven.apache.org/surefire/maven-surefire-plugin/xsd/surefire-test-report.xsd" version="3.0.2" name="com.merchant.wallet.webhook.integration.WebhookIntegrationTest" time="3.233" tests="4" errors="0" skipped="0" failures="0">
  <properties>
[...]
</properties>
  <testcase name="shouldReturnWebhookStatus" classname="com.merchant.wallet.webhook.integration.WebhookIntegrationTest" time="0.604">
    <system-out><![CDATA[2025-11-09T21:17:18.044+02:00  INFO 2484 --- [webhook-service] [           main] t.c.s.AnnotationConfigContextLoaderUtils : Could not detect default configuration classes for test class [com.merchant.wallet.webhook.integration.WebhookIntegrationTest]: WebhookIntegrationTest does not declare any static, non-private, non-final, nested classes annotated with @Configuration.
2025-11-09T21:17:18.101+02:00  INFO 2484 --- [webhook-service] [           main] .b.t.c.SpringBootTestContextBootstrapper : Found @SpringBootConfiguration com.merchant.wallet.webhook.WebhookServiceApplication for test class com.merchant.wallet.webhook.integration.WebhookIntegrationTest

  .   ____          _            __ _ _
 /\\ / ___'_ __ _ _(_)_ __  __ _ \ \ \ \
( ( )\___ | '_ | '_| | '_ \/ _` | \ \ \ \
 \\/  ___)| |_)| | | | | || (_| |  ) ) ) )
  '  |____| .__|_| |_|_| |_\__, | / / / /
 =========|_|==============|___/=/_/_/_/

 :: Spring Boot ::                (v3.4.2)

2025-11-09T21:17:18.247+02:00  INFO 2484 --- [webhook-service] [           main] c.m.w.w.i.WebhookIntegrationTest         : Starting WebhookIntegrationTest using Java 17.0.12 with PID 2484 (started by odwad in D:\Documents\projects\wallet-microservices\webhook-service)
2025-11-09T21:17:18.248+02:00  INFO 2484 --- [webhook-service] [           main] c.m.w.w.i.WebhookIntegrationTest         : No active profile set, falling back to 1 default profile: "default"
2025-11-09T21:17:20.458+02:00  INFO 2484 --- [webhook-service] [           main] o.s.b.web.embedded.netty.NettyWebServer  : Netty started on port 57706 (http)
2025-11-09T21:17:20.476+02:00  INFO 2484 --- [webhook-service] [           main] c.m.w.w.i.WebhookIntegrationTest         : Started WebhookIntegrationTest in 2.356 seconds (process running for 12.891)
2025-11-09T21:17:21.044+02:00  INFO 2484 --- [webhook-service] [flux-http-nio-2] c.m.w.w.controller.WebhookController     : [WEBHOOK-CONTROLLER] ? Status check
2025-11-09T21:17:21.047+02:00  INFO 2484 --- [webhook-service] [flux-http-nio-2] c.m.w.w.controller.WebhookController     : [WEBHOOK-CONTROLLER] ? Status check - Response: {lastProcessed=2025-11-09T21:17:21.0469178, status=active, uptime=0h 0m}
]]></system-out>
  </testcase>
  <testcase name="shouldValidateWithdrawalRequest" classname="com.merchant.wallet.webhook.integration.WebhookIntegrationTest" time="0.074">
    <system-out><![CDATA[2025-11-09T21:17:21.164+02:00  INFO 2484 --- [webhook-service] [flux-http-nio-2] c.m.w.w.controller.WebhookController     : [WEBHOOK-CONTROLLER] ? Withdrawal webhook - Request: {amount=50.00}
2025-11-09T21:17:21.166+02:00  INFO 2484 --- [webhook-service] [flux-http-nio-2] c.m.w.webhook.service.WebhookService     : [WEBHOOK] Processing withdrawal request: {amount=50.00}
2025-11-09T21:17:21.174+02:00 ERROR 2484 --- [webhook-service] [flux-http-nio-2] c.m.w.webhook.service.WebhookService     : [WEBHOOK] Withdrawal processing failed: Invalid request: missing walletId
2025-11-09T21:17:21.175+02:00  INFO 2484 --- [webhook-service] [flux-http-nio-2] c.m.w.w.controller.WebhookController     : [WEBHOOK-CONTROLLER] ? Withdrawal webhook - Response: {error=Invalid request: missing walletId, status=error}
]]></system-out>
  </testcase>
  <testcase name="shouldValidateTransferRequest" classname="com.merchant.wallet.webhook.integration.WebhookIntegrationTest" time="0.034">
    <system-out><![CDATA[2025-11-09T21:17:21.208+02:00  INFO 2484 --- [webhook-service] [flux-http-nio-2] c.m.w.w.controller.WebhookController     : [WEBHOOK-CONTROLLER] ? Transfer webhook - Request: {amount=25.00, fromWalletId=1}
2025-11-09T21:17:21.209+02:00  INFO 2484 --- [webhook-service] [flux-http-nio-2] c.m.w.webhook.service.WebhookService     : [WEBHOOK] Processing transfer request: {amount=25.00, fromWalletId=1}
2025-11-09T21:17:21.210+02:00 ERROR 2484 --- [webhook-service] [flux-http-nio-2] c.m.w.webhook.service.WebhookService     : [WEBHOOK] Transfer processing failed: Invalid request: missing toWalletId
2025-11-09T21:17:21.211+02:00  INFO 2484 --- [webhook-service] [flux-http-nio-2] c.m.w.w.controller.WebhookController     : [WEBHOOK-CONTROLLER] ? Transfer webhook - Response: {error=Invalid request: missing toWalletId, status=error}
]]></system-out>
  </testcase>
  <testcase name="shouldValidateDepositRequest" classname="com.merchant.wallet.webhook.integration.WebhookIntegrationTest" time="0.027">
    <system-out><![CDATA[2025-11-09T21:17:21.240+02:00  INFO 2484 --- [webhook-service] [flux-http-nio-2] c.m.w.w.controller.WebhookController     : [WEBHOOK-CONTROLLER] ? Deposit webhook - Request: {invalid=data}
2025-11-09T21:17:21.240+02:00  INFO 2484 --- [webhook-service] [flux-http-nio-2] c.m.w.webhook.service.WebhookService     : [WEBHOOK] Processing deposit request: {invalid=data}
2025-11-09T21:17:21.241+02:00 ERROR 2484 --- [webhook-service] [flux-http-nio-2] c.m.w.webhook.service.WebhookService     : [WEBHOOK] Deposit processing failed: Invalid request: missing walletId
2025-11-09T21:17:21.243+02:00  INFO 2484 --- [webhook-service] [flux-http-nio-2] c.m.w.w.controller.WebhookController     : [WEBHOOK-CONTROLLER] ? Deposit webhook - Response: {error=Invalid request: missing walletId, status=error}
]]></system-out>
  </testcase>
</testsuite>